<?xml version="1.0" encoding="UTF-8"?>
<testng-results ignored="0" total="3" passed="3" failed="0" skipped="0">
  <reporter-output>
  </reporter-output>
  <suite started-at="2024-05-17T18:35:15 IST" name="Default suite" finished-at="2024-05-17T18:35:40 IST" duration-ms="25021">
    <groups>
      <group name="cucumber">
        <method signature="AbstractTestNGCucumberTests.runScenario(io.cucumber.testng.PickleWrapper,io.cucumber.testng.FeatureWrapper)[pri:0, instance:TestRunnerPllel.PllRunnerTest@49049a04]" name="runScenario" class="io.cucumber.testng.AbstractTestNGCucumberTests"/>
      </group> <!-- cucumber -->
    </groups>
    <test started-at="2024-05-17T18:35:15 IST" name="Default test" finished-at="2024-05-17T18:35:40 IST" duration-ms="25021">
      <class name="TestRunnerPllel.PllRunnerTest">
        <test-method is-config="true" signature="setUpClass(org.testng.ITestContext)[pri:0, instance:TestRunnerPllel.PllRunnerTest@49049a04]" started-at="2024-05-17T18:35:15 IST" name="setUpClass" finished-at="2024-05-17T18:35:16 IST" duration-ms="196" status="PASS">
          <params>
            <param index="0">
              <value>
                <![CDATA[org.testng.TestRunner@69653e16]]>
              </value>
            </param>
          </params>
          <reporter-output>
          </reporter-output>
        </test-method> <!-- setUpClass -->
        <test-method signature="runScenario(io.cucumber.testng.PickleWrapper,io.cucumber.testng.FeatureWrapper)[pri:0, instance:TestRunnerPllel.PllRunnerTest@49049a04]" started-at="2024-05-17T18:35:16 IST" name="runScenario" description="Runs Cucumber Scenarios" data-provider="scenarios" finished-at="2024-05-17T18:35:40 IST" duration-ms="24772" status="PASS">
          <params>
            <param index="0">
              <value>
                <![CDATA["Test Amazom HomePage Functionality"]]>
              </value>
            </param>
            <param index="1">
              <value>
                <![CDATA["Test Parallel Scenarios Functionality"]]>
              </value>
            </param>
          </params>
          <reporter-output>
          </reporter-output>
        </test-method> <!-- runScenario -->
        <test-method signature="runScenario(io.cucumber.testng.PickleWrapper,io.cucumber.testng.FeatureWrapper)[pri:0, instance:TestRunnerPllel.PllRunnerTest@49049a04]" started-at="2024-05-17T18:35:16 IST" name="runScenario" description="Runs Cucumber Scenarios" data-provider="scenarios" finished-at="2024-05-17T18:35:40 IST" duration-ms="24700" status="PASS">
          <params>
            <param index="0">
              <value>
                <![CDATA["Test Facebook HomePage Functionality"]]>
              </value>
            </param>
            <param index="1">
              <value>
                <![CDATA["Test Parallel Scenarios Functionality"]]>
              </value>
            </param>
          </params>
          <reporter-output>
          </reporter-output>
        </test-method> <!-- runScenario -->
        <test-method signature="runScenario(io.cucumber.testng.PickleWrapper,io.cucumber.testng.FeatureWrapper)[pri:0, instance:TestRunnerPllel.PllRunnerTest@49049a04]" started-at="2024-05-17T18:35:16 IST" name="runScenario" description="Runs Cucumber Scenarios" data-provider="scenarios" finished-at="2024-05-17T18:35:33 IST" duration-ms="17526" status="PASS">
          <params>
            <param index="0">
              <value>
                <![CDATA["Test Google HomePage Functionality"]]>
              </value>
            </param>
            <param index="1">
              <value>
                <![CDATA["Test Parallel Scenarios Functionality"]]>
              </value>
            </param>
          </params>
          <reporter-output>
          </reporter-output>
        </test-method> <!-- runScenario -->
        <test-method is-config="true" signature="tearDownClass()[pri:0, instance:TestRunnerPllel.PllRunnerTest@49049a04]" started-at="2024-05-17T18:35:40 IST" name="tearDownClass" finished-at="2024-05-17T18:35:40 IST" duration-ms="11" status="PASS">
          <reporter-output>
          </reporter-output>
        </test-method> <!-- tearDownClass -->
      </class> <!-- TestRunnerPllel.PllRunnerTest -->
    </test> <!-- Default test -->
  </suite> <!-- Default suite -->
</testng-results>
